d:\text_rpg_ver1.0\text_rpg_ver1.0\debug\vc143.pdb
d:\text_rpg_ver1.0\text_rpg_ver1.0\debug\vc143.idb
d:\text_rpg_ver1.0\text_rpg_ver1.0\debug\player.obj
d:\text_rpg_ver1.0\text_rpg_ver1.0\debug\system.obj
d:\text_rpg_ver1.0\text_rpg_ver1.0\debug\shop.obj
d:\text_rpg_ver1.0\text_rpg_ver1.0\debug\monster.obj
d:\text_rpg_ver1.0\text_rpg_ver1.0\debug\item.obj
d:\text_rpg_ver1.0\text_rpg_ver1.0\debug\inventory.obj
d:\text_rpg_ver1.0\text_rpg_ver1.0\debug\game.obj
d:\text_rpg_ver1.0\text_rpg_ver1.0\debug\event.obj
d:\text_rpg_ver1.0\text_rpg_ver1.0\debug\character.obj
d:\text_rpg_ver1.0\text_rpg_ver1.0\debug\bossmonster.obj
d:\text_rpg_ver1.0\text_rpg_ver1.0\debug\text_rpg_ver1.0.ilk
d:\text_rpg_ver1.0\debug\text_rpg_ver1.0.exe
d:\text_rpg_ver1.0\debug\text_rpg_ver1.0.pdb
d:\text_rpg_ver1.0\text_rpg_ver1.0\debug\text_rpg_ver1.0.tlog\cl.command.1.tlog
d:\text_rpg_ver1.0\text_rpg_ver1.0\debug\text_rpg_ver1.0.tlog\cl.read.1.tlog
d:\text_rpg_ver1.0\text_rpg_ver1.0\debug\text_rpg_ver1.0.tlog\cl.write.1.tlog
d:\text_rpg_ver1.0\text_rpg_ver1.0\debug\text_rpg_ver1.0.tlog\link.command.1.tlog
d:\text_rpg_ver1.0\text_rpg_ver1.0\debug\text_rpg_ver1.0.tlog\link.read.1.tlog
d:\text_rpg_ver1.0\text_rpg_ver1.0\debug\text_rpg_ver1.0.tlog\link.write.1.tlog
